#
# There is insufficient memory for the Java Runtime Environment to continue.
# Native memory allocation (malloc) failed to allocate 217760 bytes for Chunk::new
# Possible reasons:
#   The system is out of physical RAM or swap space
#   The process is running with CompressedOops enabled, and the Java Heap may be blocking the growth of the native heap
# Possible solutions:
#   Reduce memory load on the system
#   Increase physical memory or swap space
#   Check if swap backing store is full
#   Decrease Java heap size (-Xmx/-Xms)
#   Decrease number of Java threads
#   Decrease Java thread stack sizes (-Xss)
#   Set larger code cache with -XX:ReservedCodeCacheSize=
#   JVM is running with Unscaled Compressed Oops mode in which the Java heap is
#     placed in the first 4GB address space. The Java Heap base address is the
#     maximum limit for the native heap growth. Please use -XX:HeapBaseMinAddress
#     to set the Java Heap base and to place the Java Heap above 4GB virtual address.
# This output file may be truncated or incomplete.
#
#  Out of Memory Error (allocation.cpp:390), pid=686128, tid=0x00000000000a79c0
#
# JRE version: Java(TM) SE Runtime Environment (8.0_201-b09) (build 1.8.0_201-b09)
# Java VM: Java HotSpot(TM) 64-Bit Server VM (25.201-b09 mixed mode windows-amd64 compressed oops)
# Failed to write core dump. Minidumps are not enabled by default on client versions of Windows
#

---------------  T H R E A D  ---------------

Current thread (0x00000000196d6000):  JavaThread "C2 CompilerThread2" daemon [_thread_in_native, id=686528, stack(0x000000001a0a0000,0x000000001a1a0000)]

Stack: [0x000000001a0a0000,0x000000001a1a0000]
[error occurred during error reporting (printing stack bounds), id 0xc0000005]

Native frames: (J=compiled Java code, j=interpreted, Vv=VM code, C=native code)


Current CompileTask:
C2:   7421 2420       4       java.net.URLClassLoader$1::run (5 bytes)


---------------  P R O C E S S  ---------------

Java Threads: ( => current thread )
  0x000000001fe80800 JavaThread "Cache worker for Artifact transforms cache (C:\Users\ㄥ\.gradle\caches\transforms-1)" [_thread_blocked, id=648168, stack(0x0000000021e00000,0x0000000021f00000)]
  0x00000000196e3800 JavaThread "Cache worker for cache directory md-rule (C:\Users\ㄥ\.gradle\caches\4.10.1\md-rule)" [_thread_blocked, id=685048, stack(0x0000000020650000,0x0000000020750000)]
  0x00000000196e3000 JavaThread "Cache worker for cache directory md-supplier (C:\Users\ㄥ\.gradle\caches\4.10.1\md-supplier)" [_thread_blocked, id=683252, stack(0x00000000202b0000,0x00000000203b0000)]
  0x00000000196e0800 JavaThread "Cache worker for journal cache (C:\Users\ㄥ\.gradle\caches\journal-1)" [_thread_blocked, id=686940, stack(0x000000001ffb0000,0x00000000200b0000)]
  0x00000000196e0000 JavaThread "Cache worker for file hash cache (D:\AndroidStudioProjects\ZHBJ\.gradle\4.10.1\fileHashes)" [_thread_blocked, id=686936, stack(0x000000001eee0000,0x000000001efe0000)]
  0x00000000196df000 JavaThread "File lock request listener" [_thread_in_native, id=686932, stack(0x000000001dcf0000,0x000000001ddf0000)]
  0x00000000196de800 JavaThread "Cache worker for file hash cache (C:\Users\ㄥ\.gradle\caches\4.10.1\fileHashes)" [_thread_blocked, id=686928, stack(0x000000001de10000,0x000000001df10000)]
  0x000000001b7d1000 JavaThread "Stdin handler" [_thread_blocked, id=686912, stack(0x000000001ca20000,0x000000001cb20000)]
  0x000000001b7d8800 JavaThread "Asynchronous log dispatcher for DefaultDaemonConnection: socket connection from /127.0.0.1:14735 to /127.0.0.1:14736" [_thread_blocked, id=686908, stack(0x000000001c820000,0x000000001c920000)]
  0x000000001b7d5800 JavaThread "Daemon worker" [_thread_in_vm, id=686892, stack(0x000000001c720000,0x000000001c820000)]
  0x000000001ba26800 JavaThread "Cancel handler" [_thread_blocked, id=686888, stack(0x000000001c620000,0x000000001c720000)]
  0x000000001b7c7800 JavaThread "Handler for socket connection from /127.0.0.1:14735 to /127.0.0.1:14736" [_thread_in_native, id=686876, stack(0x000000001c320000,0x000000001c420000)]
  0x000000001b7c7000 JavaThread "Daemon" [_thread_blocked, id=686872, stack(0x000000001c220000,0x000000001c320000)]
  0x000000001b77a000 JavaThread "Daemon periodic checks" [_thread_blocked, id=686860, stack(0x000000001c120000,0x000000001c220000)]
  0x000000001b4e9800 JavaThread "Incoming local TCP Connector on port 14735" [_thread_in_native, id=686852, stack(0x000000001bf70000,0x000000001c070000)]
  0x000000001b637000 JavaThread "Daemon health stats" [_thread_blocked, id=686636, stack(0x000000001bc70000,0x000000001bd70000)]
  0x000000001976d800 JavaThread "Service Thread" daemon [_thread_blocked, id=686536, stack(0x000000001a2a0000,0x000000001a3a0000)]
  0x00000000196dd800 JavaThread "C1 CompilerThread3" daemon [_thread_in_native, id=686532, stack(0x000000001a1a0000,0x000000001a2a0000)]
=>0x00000000196d6000 JavaThread "C2 CompilerThread2" daemon [_thread_in_native, id=686528, stack(0x000000001a0a0000,0x000000001a1a0000)]
  0x00000000196d1800 JavaThread "C2 CompilerThread1" daemon [_thread_in_native, id=686524, stack(0x0000000019fa0000,0x000000001a0a0000)]
  0x00000000196ce800 JavaThread "C2 CompilerThread0" daemon [_thread_in_native, id=686520, stack(0x0000000019ea0000,0x0000000019fa0000)]
  0x00000000196cc800 JavaThread "Attach Listener" daemon [_thread_blocked, id=686516, stack(0x0000000019da0000,0x0000000019ea0000)]
  0x00000000196cb800 JavaThread "Signal Dispatcher" daemon [_thread_blocked, id=686512, stack(0x0000000019ca0000,0x0000000019da0000)]
  0x000000001787e000 JavaThread "Finalizer" daemon [_thread_blocked, id=686508, stack(0x0000000019b40000,0x0000000019c40000)]
  0x0000000019660800 JavaThread "Reference Handler" daemon [_thread_blocked, id=686504, stack(0x0000000019a40000,0x0000000019b40000)]
  0x0000000002712800 JavaThread "main" [_thread_blocked, id=686444, stack(0x0000000002610000,0x0000000002710000)]

Other Threads:
  0x000000001787a000 VMThread [stack: 0x0000000019540000,0x0000000019640000] [id=686500]
  0x0000000019780800 WatcherThread [stack: 0x000000001a3a0000,0x000000001a4a0000] [id=686540]

VM state:not at safepoint (normal execution)

VM Mutex/Monitor currently owned by a thread: None

heap address: 0x0000000080000000, size: 2048 MB, Compressed Oops mode: 32-bit
Narrow klass base: 0x0000000000000000, Narrow klass shift: 3
Compressed class space size: 1073741824 Address: 0x0000000100000000

Heap:
 PSYoungGen      total 76288K, used 67864K [0x00000000d5580000, 0x00000000dc980000, 0x0000000100000000)
  eden space 65536K, 92% used [0x00000000d5580000,0x00000000d90c2ab8,0x00000000d9580000)
  from space 10752K, 66% used [0x00000000da000000,0x00000000da7038c8,0x00000000daa80000)
  to   space 10752K, 0% used [0x00000000d9580000,0x00000000d9580000,0x00000000da000000)
 ParOldGen       total 109568K, used 10335K [0x0000000080000000, 0x0000000086b00000, 0x00000000d5580000)
  object space 109568K, 9% used [0x0000000080000000,0x0000000080a17df8,0x0000000086b00000)
 Metaspace       used 30682K, capacity 31164K, committed 31488K, reserved 1077248K
  class space    used 4356K, capacity 4551K, committed 4608K, reserved 1048576K

Card table byte_map: [0x0000000011bd0000,0x0000000011fe0000] byte_map_base: 0x00000000117d0000

Marking Bits: (ParMarkBitMap*) 0x00000000564d4ce0
 Begin Bits: [0x0000000012a90000, 0x0000000014a90000)
 End Bits:   [0x0000000014a90000, 0x0000000016a90000)

Polling page: 0x0000000002220000

CodeCache: size=245760Kb used=10037Kb max_used=10037Kb free=235722Kb
 bounds [0x0000000002810000, 0x00000000031f0000, 0x0000000011810000]
 total_blobs=3436 nmethods=2751 adapters=597
 compilation: enabled

Compilation events (10 events):
Event: 7.409 Thread 0x00000000196dd800 nmethod 2752 0x00000000031dfc10 code [0x00000000031dff40, 0x00000000031e14b8]
Event: 7.412 Thread 0x00000000196ce800 2753   !   4       java.lang.ClassLoader::loadClass (122 bytes)
Event: 7.415 Thread 0x00000000196dd800 2754       3       org.gradle.api.internal.attributes.DefaultImmutableAttributes::isEmpty (13 bytes)
Event: 7.415 Thread 0x00000000196dd800 nmethod 2754 0x00000000031df890 code [0x00000000031df9e0, 0x00000000031dfb90]
Event: 7.415 Thread 0x00000000196dd800 2755       3       com.google.common.collect.ImmutableSet::<init> (5 bytes)
Event: 7.415 Thread 0x00000000196dd800 nmethod 2755 0x00000000031e2790 code [0x00000000031e2900, 0x00000000031e2b70]
Event: 7.415 Thread 0x00000000196dd800 2757       3       com.google.common.collect.ImmutableSet::of (9 bytes)
Event: 7.416 Thread 0x00000000196dd800 nmethod 2757 0x00000000031e2c90 code [0x00000000031e2e40, 0x00000000031e3308]
Event: 7.416 Thread 0x00000000196dd800 2756       1       java.util.Collections$SingletonList::size (2 bytes)
Event: 7.416 Thread 0x00000000196dd800 nmethod 2756 0x00000000031df510 code [0x00000000031df660, 0x00000000031df770]

GC Heap History (10 events):
Event: 1.469 GC heap before
{Heap before GC invocations=1 (full 0):
 PSYoungGen      total 76288K, used 65536K [0x00000000d5580000, 0x00000000daa80000, 0x0000000100000000)
  eden space 65536K, 100% used [0x00000000d5580000,0x00000000d9580000,0x00000000d9580000)
  from space 10752K, 0% used [0x00000000da000000,0x00000000da000000,0x00000000daa80000)
  to   space 10752K, 0% used [0x00000000d9580000,0x00000000d9580000,0x00000000da000000)
 ParOldGen       total 175104K, used 0K [0x0000000080000000, 0x000000008ab00000, 0x00000000d5580000)
  object space 175104K, 0% used [0x0000000080000000,0x0000000080000000,0x000000008ab00000)
 Metaspace       used 9112K, capacity 9418K, committed 9600K, reserved 1056768K
  class space    used 1225K, capacity 1329K, committed 1408K, reserved 1048576K
Event: 1.476 GC heap after
Heap after GC invocations=1 (full 0):
 PSYoungGen      total 76288K, used 7129K [0x00000000d5580000, 0x00000000daa80000, 0x0000000100000000)
  eden space 65536K, 0% used [0x00000000d5580000,0x00000000d5580000,0x00000000d9580000)
  from space 10752K, 66% used [0x00000000d9580000,0x00000000d9c76580,0x00000000da000000)
  to   space 10752K, 0% used [0x00000000da000000,0x00000000da000000,0x00000000daa80000)
 ParOldGen       total 175104K, used 35K [0x0000000080000000, 0x000000008ab00000, 0x00000000d5580000)
  object space 175104K, 0% used [0x0000000080000000,0x0000000080008c50,0x000000008ab00000)
 Metaspace       used 9112K, capacity 9418K, committed 9600K, reserved 1056768K
  class space    used 1225K, capacity 1329K, committed 1408K, reserved 1048576K
}
Event: 4.642 GC heap before
{Heap before GC invocations=2 (full 0):
 PSYoungGen      total 76288K, used 72665K [0x00000000d5580000, 0x00000000daa80000, 0x0000000100000000)
  eden space 65536K, 100% used [0x00000000d5580000,0x00000000d9580000,0x00000000d9580000)
  from space 10752K, 66% used [0x00000000d9580000,0x00000000d9c76580,0x00000000da000000)
  to   space 10752K, 0% used [0x00000000da000000,0x00000000da000000,0x00000000daa80000)
 ParOldGen       total 175104K, used 35K [0x0000000080000000, 0x000000008ab00000, 0x00000000d5580000)
  object space 175104K, 0% used [0x0000000080000000,0x0000000080008c50,0x000000008ab00000)
 Metaspace       used 16420K, capacity 16854K, committed 16896K, reserved 1062912K
  class space    used 2392K, capacity 2555K, committed 2560K, reserved 1048576K
Event: 4.654 GC heap after
Heap after GC invocations=2 (full 0):
 PSYoungGen      total 76288K, used 10738K [0x00000000d5580000, 0x00000000daa80000, 0x0000000100000000)
  eden space 65536K, 0% used [0x00000000d5580000,0x00000000d5580000,0x00000000d9580000)
  from space 10752K, 99% used [0x00000000da000000,0x00000000daa7c810,0x00000000daa80000)
  to   space 10752K, 0% used [0x00000000d9580000,0x00000000d9580000,0x00000000da000000)
 ParOldGen       total 175104K, used 503K [0x0000000080000000, 0x000000008ab00000, 0x00000000d5580000)
  object space 175104K, 0% used [0x0000000080000000,0x000000008007dce8,0x000000008ab00000)
 Metaspace       used 16420K, capacity 16854K, committed 16896K, reserved 1062912K
  class space    used 2392K, capacity 2555K, committed 2560K, reserved 1048576K
}
Event: 5.304 GC heap before
{Heap before GC invocations=3 (full 0):
 PSYoungGen      total 76288K, used 50232K [0x00000000d5580000, 0x00000000daa80000, 0x0000000100000000)
  eden space 65536K, 60% used [0x00000000d5580000,0x00000000d7c11b30,0x00000000d9580000)
  from space 10752K, 99% used [0x00000000da000000,0x00000000daa7c810,0x00000000daa80000)
  to   space 10752K, 0% used [0x00000000d9580000,0x00000000d9580000,0x00000000da000000)
 ParOldGen       total 175104K, used 503K [0x0000000080000000, 0x000000008ab00000, 0x00000000d5580000)
  object space 175104K, 0% used [0x0000000080000000,0x000000008007dce8,0x000000008ab00000)
 Metaspace       used 20709K, capacity 21154K, committed 21296K, reserved 1067008K
  class space    used 2973K, capacity 3121K, committed 3200K, reserved 1048576K
Event: 5.314 GC heap after
Heap after GC invocations=3 (full 0):
 PSYoungGen      total 76288K, used 10574K [0x00000000d5580000, 0x00000000daa80000, 0x0000000100000000)
  eden space 65536K, 0% used [0x00000000d5580000,0x00000000d5580000,0x00000000d9580000)
  from space 10752K, 98% used [0x00000000d9580000,0x00000000d9fd3950,0x00000000da000000)
  to   space 10752K, 0% used [0x00000000da000000,0x00000000da000000,0x00000000daa80000)
 ParOldGen       total 175104K, used 511K [0x0000000080000000, 0x000000008ab00000, 0x00000000d5580000)
  object space 175104K, 0% used [0x0000000080000000,0x000000008007fce8,0x000000008ab00000)
 Metaspace       used 20709K, capacity 21154K, committed 21296K, reserved 1067008K
  class space    used 2973K, capacity 3121K, committed 3200K, reserved 1048576K
}
Event: 5.314 GC heap before
{Heap before GC invocations=4 (full 1):
 PSYoungGen      total 76288K, used 10574K [0x00000000d5580000, 0x00000000daa80000, 0x0000000100000000)
  eden space 65536K, 0% used [0x00000000d5580000,0x00000000d5580000,0x00000000d9580000)
  from space 10752K, 98% used [0x00000000d9580000,0x00000000d9fd3950,0x00000000da000000)
  to   space 10752K, 0% used [0x00000000da000000,0x00000000da000000,0x00000000daa80000)
 ParOldGen       total 175104K, used 511K [0x0000000080000000, 0x000000008ab00000, 0x00000000d5580000)
  object space 175104K, 0% used [0x0000000080000000,0x000000008007fce8,0x000000008ab00000)
 Metaspace       used 20709K, capacity 21154K, committed 21296K, reserved 1067008K
  class space    used 2973K, capacity 3121K, committed 3200K, reserved 1048576K
Event: 5.355 GC heap after
Heap after GC invocations=4 (full 1):
 PSYoungGen      total 76288K, used 0K [0x00000000d5580000, 0x00000000daa80000, 0x0000000100000000)
  eden space 65536K, 0% used [0x00000000d5580000,0x00000000d5580000,0x00000000d9580000)
  from space 10752K, 0% used [0x00000000d9580000,0x00000000d9580000,0x00000000da000000)
  to   space 10752K, 0% used [0x00000000da000000,0x00000000da000000,0x00000000daa80000)
 ParOldGen       total 109568K, used 10327K [0x0000000080000000, 0x0000000086b00000, 0x00000000d5580000)
  object space 109568K, 9% used [0x0000000080000000,0x0000000080a15df8,0x0000000086b00000)
 Metaspace       used 20709K, capacity 21154K, committed 21296K, reserved 1067008K
  class space    used 2973K, capacity 3121K, committed 3200K, reserved 1048576K
}
Event: 6.557 GC heap before
{Heap before GC invocations=5 (full 1):
 PSYoungGen      total 76288K, used 65536K [0x00000000d5580000, 0x00000000daa80000, 0x0000000100000000)
  eden space 65536K, 100% used [0x00000000d5580000,0x00000000d9580000,0x00000000d9580000)
  from space 10752K, 0% used [0x00000000d9580000,0x00000000d9580000,0x00000000da000000)
  to   space 10752K, 0% used [0x00000000da000000,0x00000000da000000,0x00000000daa80000)
 ParOldGen       total 109568K, used 10327K [0x0000000080000000, 0x0000000086b00000, 0x00000000d5580000)
  object space 109568K, 9% used [0x0000000080000000,0x0000000080a15df8,0x0000000086b00000)
 Metaspace       used 27409K, capacity 27920K, committed 28160K, reserved 1073152K
  class space    used 3815K, capacity 4004K, committed 4096K, reserved 1048576K
Event: 6.564 GC heap after
Heap after GC invocations=5 (full 1):
 PSYoungGen      total 76288K, used 7182K [0x00000000d5580000, 0x00000000dc980000, 0x0000000100000000)
  eden space 65536K, 0% used [0x00000000d5580000,0x00000000d5580000,0x00000000d9580000)
  from space 10752K, 66% used [0x00000000da000000,0x00000000da7038c8,0x00000000daa80000)
  to   space 10752K, 0% used [0x00000000d9580000,0x00000000d9580000,0x00000000da000000)
 ParOldGen       total 109568K, used 10335K [0x0000000080000000, 0x0000000086b00000, 0x00000000d5580000)
  object space 109568K, 9% used [0x0000000080000000,0x0000000080a17df8,0x0000000086b00000)
 Metaspace       used 27409K, capacity 27920K, committed 28160K, reserved 1073152K
  class space    used 3815K, capacity 4004K, committed 4096K, reserved 1048576K
}

Deoptimization events (10 events):
Event: 6.065 Thread 0x000000001b7d5800 Uncommon trap: reason=unstable_if action=reinterpret pc=0x0000000002a8bdc0 method=java.util.HashMap.getNode(ILjava/lang/Object;)Ljava/util/HashMap$Node; @ 53
Event: 6.066 Thread 0x000000001b7d5800 Uncommon trap: reason=unstable_if action=reinterpret pc=0x0000000002c904cc method=java.util.HashMap.hash(Ljava/lang/Object;)I @ 1
Event: 6.083 Thread 0x000000001b7d5800 Uncommon trap: reason=unstable_if action=reinterpret pc=0x0000000002adc270 method=java.util.LinkedHashMap.afterNodeInsertion(Z)V @ 1
Event: 6.341 Thread 0x000000001b7d5800 Uncommon trap: reason=class_check action=maybe_recompile pc=0x0000000002e3a130 method=sun.misc.URLClassPath.getLoader(I)Lsun/misc/URLClassPath$Loader; @ 94
Event: 6.350 Thread 0x000000001b7d5800 Uncommon trap: reason=class_check action=maybe_recompile pc=0x0000000002e37840 method=sun.misc.URLClassPath.getLoader(I)Lsun/misc/URLClassPath$Loader; @ 239
Event: 6.493 Thread 0x000000001b7d5800 Uncommon trap: reason=unstable_if action=reinterpret pc=0x0000000002ab5bcc method=java.io.WinNTFileSystem.resolve(Ljava/lang/String;Ljava/lang/String;)Ljava/lang/String; @ 49
Event: 7.267 Thread 0x000000001b7d5800 Uncommon trap: reason=unstable_if action=reinterpret pc=0x00000000031780d0 method=java.util.concurrent.ConcurrentHashMap.get(Ljava/lang/Object;)Ljava/lang/Object; @ 152
Event: 7.267 Thread 0x000000001b7d5800 Uncommon trap: reason=class_check action=maybe_recompile pc=0x0000000002d576a0 method=java.util.concurrent.ConcurrentHashMap.putVal(Ljava/lang/Object;Ljava/lang/Object;Z)Ljava/lang/Object; @ 192
Event: 7.288 Thread 0x000000001b7d5800 Uncommon trap: reason=class_check action=maybe_recompile pc=0x0000000002d576a0 method=java.util.concurrent.ConcurrentHashMap.putVal(Ljava/lang/Object;Ljava/lang/Object;Z)Ljava/lang/Object; @ 192
Event: 7.290 Thread 0x000000001b7d5800 Uncommon trap: reason=class_check action=maybe_recompile pc=0x0000000002d576a0 method=java.util.concurrent.ConcurrentHashMap.putVal(Ljava/lang/Object;Ljava/lang/Object;Z)Ljava/lang/Object; @ 192

Classes redefined (0 events):
No events

Internal exceptions (10 events):
Event: 6.543 Thread 0x000000001b7d5800 Exception <a 'java/lang/ClassNotFoundException': org/gradle/api/internal/DefaultDomainObjectCollectionCustomizer> (0x00000000d93d0018) thrown at [C:\re\workspace\8-2-build-windows-amd64-cygwin\jdk8u201\12322\hotspot\src\share\vm\classfile\systemDictionary
Event: 6.545 Thread 0x000000001b7d5800 Exception <a 'java/lang/ClassNotFoundException': org/gradle/api/internal/DefaultNamedDomainObjectCollectionCustomizer> (0x00000000d942b3b0) thrown at [C:\re\workspace\8-2-build-windows-amd64-cygwin\jdk8u201\12322\hotspot\src\share\vm\classfile\systemDicti
Event: 6.550 Thread 0x000000001b7d5800 Exception <a 'java/lang/ClassNotFoundException': org/gradle/api/internal/DefaultNamedDomainObjectListCustomizer> (0x00000000d94a15a8) thrown at [C:\re\workspace\8-2-build-windows-amd64-cygwin\jdk8u201\12322\hotspot\src\share\vm\classfile\systemDictionary.
Event: 6.555 Thread 0x000000001b7d5800 Exception <a 'java/lang/ClassNotFoundException': org/gradle/api/internal/artifacts/DefaultArtifactRepositoryContainerCustomizer> (0x00000000d95152a8) thrown at [C:\re\workspace\8-2-build-windows-amd64-cygwin\jdk8u201\12322\hotspot\src\share\vm\classfile\s
Event: 6.557 Thread 0x000000001b7d5800 Exception <a 'java/lang/ClassNotFoundException': org/gradle/api/internal/artifacts/dsl/DefaultRepositoryHandlerCustomizer> (0x00000000d957b438) thrown at [C:\re\workspace\8-2-build-windows-amd64-cygwin\jdk8u201\12322\hotspot\src\share\vm\classfile\systemD
Event: 6.569 Thread 0x000000001b7d5800 Exception <a 'java/lang/ClassNotFoundException': org/gradle/api/internal/artifacts/dsl/DefaultRepositoryHandler_DecoratedCustomizer> (0x00000000d55ea970) thrown at [C:\re\workspace\8-2-build-windows-amd64-cygwin\jdk8u201\12322\hotspot\src\share\vm\classfi
Event: 6.857 Thread 0x000000001b7d5800 Exception <a 'java/lang/ClassNotFoundException': org/gradle/api/internal/artifacts/dsl/dependencies/DefaultDependencyHandler_DecoratedBeanInfo> (0x00000000d6fec008) thrown at [C:\re\workspace\8-2-build-windows-amd64-cygwin\jdk8u201\12322\hotspot\src\share
Event: 6.859 Thread 0x000000001b7d5800 Exception <a 'java/lang/ClassNotFoundException': org/gradle/api/internal/artifacts/dsl/dependencies/DefaultDependencyHandlerBeanInfo> (0x00000000d703e428) thrown at [C:\re\workspace\8-2-build-windows-amd64-cygwin\jdk8u201\12322\hotspot\src\share\vm\classf
Event: 6.860 Thread 0x000000001b7d5800 Exception <a 'java/lang/ClassNotFoundException': org/gradle/api/internal/artifacts/dsl/dependencies/DefaultDependencyHandlerCustomizer> (0x00000000d70916a0) thrown at [C:\re\workspace\8-2-build-windows-amd64-cygwin\jdk8u201\12322\hotspot\src\share\vm\clas
Event: 6.863 Thread 0x000000001b7d5800 Exception <a 'java/lang/ClassNotFoundException': org/gradle/api/internal/artifacts/dsl/dependencies/DefaultDependencyHandler_DecoratedCustomizer> (0x00000000d710bf68) thrown at [C:\re\workspace\8-2-build-windows-amd64-cygwin\jdk8u201\12322\hotspot\src\sha

Events (10 events):
Event: 7.417 loading class org/gradle/api/internal/artifacts/ivyservice/resolveengine/artifact/DefaultVisitedArtifactResults$DefaultSelectedArtifactResults
Event: 7.417 loading class org/gradle/api/internal/artifacts/ivyservice/resolveengine/artifact/DefaultVisitedArtifactResults$DefaultSelectedArtifactResults done
Event: 7.418 loading class org/gradle/api/internal/artifacts/ivyservice/DefaultLenientConfiguration$1
Event: 7.418 loading class org/gradle/api/internal/artifacts/ivyservice/DefaultLenientConfiguration$1 done
Event: 7.418 loading class org/gradle/api/internal/artifacts/ivyservice/DefaultLenientConfiguration$2
Event: 7.418 loading class org/gradle/api/internal/artifacts/ivyservice/DefaultLenientConfiguration$2 done
Event: 7.419 loading class org/gradle/api/internal/artifacts/ResolveArtifactsBuildOperationType$DetailsImpl
Event: 7.419 loading class org/gradle/api/internal/artifacts/ResolveArtifactsBuildOperationType$DetailsImpl done
Event: 7.419 loading class org/gradle/api/internal/artifacts/ResolveArtifactsBuildOperationType$Details
Event: 7.419 loading class org/gradle/api/internal/artifacts/ResolveArtifactsBuildOperationType$Details done


Dynamic libraries:
0x00007ff789740000 - 0x00007ff789777000 	D:\android\Java\jdk1.8.0_201\bin\java.exe
0x00007ffba5880000 - 0x00007ffba5a70000 	C:\WINDOWS\SYSTEM32\ntdll.dll
0x00007ffba5780000 - 0x00007ffba5832000 	C:\WINDOWS\System32\KERNEL32.DLL
0x00007ffba3480000 - 0x00007ffba3723000 	C:\WINDOWS\System32\KERNELBASE.dll
0x00007ffba4030000 - 0x00007ffba40d3000 	C:\WINDOWS\System32\ADVAPI32.dll
0x00007ffba4790000 - 0x00007ffba482e000 	C:\WINDOWS\System32\msvcrt.dll
0x00007ffba45f0000 - 0x00007ffba4687000 	C:\WINDOWS\System32\sechost.dll
0x00007ffba5520000 - 0x00007ffba5640000 	C:\WINDOWS\System32\RPCRT4.dll
0x00007ffba5010000 - 0x00007ffba51a4000 	C:\WINDOWS\System32\USER32.dll
0x00007ffba3200000 - 0x00007ffba3221000 	C:\WINDOWS\System32\win32u.dll
0x00007ffba4690000 - 0x00007ffba46b6000 	C:\WINDOWS\System32\GDI32.dll
0x00007ffba32e0000 - 0x00007ffba3474000 	C:\WINDOWS\System32\gdi32full.dll
0x00007ffba37b0000 - 0x00007ffba384e000 	C:\WINDOWS\System32\msvcp_win.dll
0x00007ffba30e0000 - 0x00007ffba31da000 	C:\WINDOWS\System32\ucrtbase.dll
0x00007ffb96e50000 - 0x00007ffb970d5000 	C:\WINDOWS\WinSxS\amd64_microsoft.windows.common-controls_6595b64144ccf1df_6.0.18362.535_none_e6c3b34713100821\COMCTL32.dll
0x00007ffba51d0000 - 0x00007ffba5506000 	C:\WINDOWS\System32\combase.dll
0x00007ffba3850000 - 0x00007ffba38d0000 	C:\WINDOWS\System32\bcryptPrimitives.dll
0x00007ffba4fe0000 - 0x00007ffba500e000 	C:\WINDOWS\System32\IMM32.DLL
0x0000000055bd0000 - 0x0000000055ca1000 	D:\android\Java\jdk1.8.0_201\jre\bin\msvcr100.dll
0x0000000055cb0000 - 0x0000000056554000 	D:\android\Java\jdk1.8.0_201\jre\bin\server\jvm.dll
0x00007ffba4f20000 - 0x00007ffba4f28000 	C:\WINDOWS\System32\PSAPI.DLL
0x00007ffb945f0000 - 0x00007ffb945f9000 	C:\WINDOWS\SYSTEM32\WSOCK32.dll
0x00007ffba46c0000 - 0x00007ffba472f000 	C:\WINDOWS\System32\WS2_32.dll
0x00007ffb98bc0000 - 0x00007ffb98be4000 	C:\WINDOWS\SYSTEM32\WINMM.dll
0x00007ffb9a370000 - 0x00007ffb9a37a000 	C:\WINDOWS\SYSTEM32\VERSION.dll
0x00007ffb98b90000 - 0x00007ffb98bbd000 	C:\WINDOWS\SYSTEM32\WINMMBASE.dll
0x00007ffba3760000 - 0x00007ffba37aa000 	C:\WINDOWS\System32\cfgmgr32.dll
0x00007ffb9c1a0000 - 0x00007ffb9c1af000 	D:\android\Java\jdk1.8.0_201\jre\bin\verify.dll
0x00007ffb908b0000 - 0x00007ffb908d9000 	D:\android\Java\jdk1.8.0_201\jre\bin\java.dll
0x00007ffb8eda0000 - 0x00007ffb8edb6000 	D:\android\Java\jdk1.8.0_201\jre\bin\zip.dll
0x00007ffba4830000 - 0x00007ffba4f15000 	C:\WINDOWS\System32\SHELL32.dll
0x00007ffba4f30000 - 0x00007ffba4fd9000 	C:\WINDOWS\System32\shcore.dll
0x00007ffba2810000 - 0x00007ffba2f8f000 	C:\WINDOWS\System32\windows.storage.dll
0x00007ffba27b0000 - 0x00007ffba27cf000 	C:\WINDOWS\System32\profapi.dll
0x00007ffba2760000 - 0x00007ffba27aa000 	C:\WINDOWS\System32\powrprof.dll
0x00007ffba2750000 - 0x00007ffba2760000 	C:\WINDOWS\System32\UMPDC.dll
0x00007ffba4160000 - 0x00007ffba41b2000 	C:\WINDOWS\System32\shlwapi.dll
0x00007ffba27f0000 - 0x00007ffba2801000 	C:\WINDOWS\System32\kernel.appcore.dll
0x00007ffba31e0000 - 0x00007ffba31f7000 	C:\WINDOWS\System32\cryptsp.dll
0x00007ffb8ed80000 - 0x00007ffb8ed9a000 	D:\android\Java\jdk1.8.0_201\jre\bin\net.dll
0x00007ffb98d80000 - 0x00007ffb98f56000 	C:\WINDOWS\SYSTEM32\urlmon.dll
0x00007ffb92120000 - 0x00007ffb923c6000 	C:\WINDOWS\SYSTEM32\iertutil.dll
0x00007ffba2190000 - 0x00007ffba219c000 	C:\WINDOWS\SYSTEM32\CRYPTBASE.DLL
0x00007ffba1fc0000 - 0x00007ffba2027000 	C:\WINDOWS\system32\mswsock.dll
0x00007ffb8e8e0000 - 0x00007ffb8e8f1000 	D:\android\Java\jdk1.8.0_201\jre\bin\nio.dll
0x00007ffb9a9e0000 - 0x00007ffb9a9fe000 	C:\Users\周健\.gradle\native\25\windows-amd64\native-platform.dll
0x00007ffb9c100000 - 0x00007ffb9c10d000 	D:\android\Java\jdk1.8.0_201\jre\bin\management.dll
0x00007ffba1b30000 - 0x00007ffba1b63000 	C:\WINDOWS\system32\rsaenh.dll
0x00007ffba3730000 - 0x00007ffba3756000 	C:\WINDOWS\System32\bcrypt.dll
0x00007ffba2670000 - 0x00007ffba2695000 	C:\WINDOWS\SYSTEM32\USERENV.dll
0x00007ffba1cd0000 - 0x00007ffba1d0a000 	C:\WINDOWS\SYSTEM32\IPHLPAPI.DLL
0x00007ffba5510000 - 0x00007ffba5518000 	C:\WINDOWS\System32\NSI.dll
0x00007ffb995b0000 - 0x00007ffb995c6000 	C:\WINDOWS\SYSTEM32\dhcpcsvc6.DLL
0x00007ffb99590000 - 0x00007ffb995ac000 	C:\WINDOWS\SYSTEM32\dhcpcsvc.DLL
0x00007ffba1d10000 - 0x00007ffba1dda000 	C:\WINDOWS\SYSTEM32\DNSAPI.dll

VM Arguments:
jvm_args: -XX:MaxPermSize=2048m -XX:+HeapDumpOnOutOfMemoryError -Xmx2048m -Dfile.encoding=UTF-8 -Duser.country=CN -Duser.language=zh -Duser.variant 
java_command: org.gradle.launcher.daemon.bootstrap.GradleDaemon 4.10.1
java_class_path (initial): C:\Users\周健\.gradle\wrapper\dists\gradle-4.10.1-all\455itskqi2qtf0v2sja68alqd\gradle-4.10.1\lib\gradle-launcher-4.10.1.jar
Launcher Type: SUN_STANDARD

Environment Variables:
JAVA_HOME=D:\android\Java\jdk1.8.0_201
CLASSPATH=.;D:\android\Java\jdk1.8.0_201\lib\dt.jar;D:\android\Java\jdk1.8.0_201\lib\tools.jar;
PATH=D:\android\Java\jdk1.8.0_201\bin;D:\android\Java\jdk1.8.0_201\jre\bin;C:\Program Files (x86)\Common Files\Oracle\Java\javapath;C:\WINDOWS\system32;C:\WINDOWS;C:\WINDOWS\System32\Wbem;C:\WINDOWS\System32\WindowsPowerShell\v1.0\;C:\WINDOWS\System32\OpenSSH\;D:\android\sdk2\platform-tools;D:\apache-tomcat-9.0.26\apache-tomcat-9.0.26\bin;D:\Program Files\Git\cmd;C:\Users\周健\AppData\Local\Microsoft\WindowsApps;
USERNAME=zhoujian2
OS=Windows_NT
PROCESSOR_IDENTIFIER=Intel64 Family 6 Model 142 Stepping 10, GenuineIntel



---------------  S Y S T E M  ---------------

OS: Windows 10.0 , 64 bit Build 18362 (10.0.18362.329)

CPU:total 8 (initial active 8) (4 cores per cpu, 2 threads per core) family 6 model 142 stepping 10, cmov, cx8, fxsr, mmx, sse, sse2, sse3, ssse3, sse4.1, sse4.2, popcnt, avx, avx2, aes, clmul, erms, 3dnowpref, lzcnt, ht, tsc, tscinvbit, bmi1, bmi2, adx

Memory: 4k page, physical 16671408k(4631660k free), swap 28020312k(4068k free)

vm_info: Java HotSpot(TM) 64-Bit Server VM (25.201-b09) for windows-amd64 JRE (1.8.0_201-b09), built on Dec 15 2018 18:36:39 by "java_re" with MS VC++ 10.0 (VS2010)

time: Thu Jan 16 19:13:36 2020
timezone: 中国标准时间
elapsed time: 7 seconds (0d 0h 0m 7s)

